  [1m[36m (1.1ms)[0m  [1mCREATE TABLE "schema_migrations" ("version" varchar NOT NULL) [0m
  [1m[35m (0.1ms)[0m  select sqlite_version(*)
  [1m[36m (1.5ms)[0m  [1mCREATE UNIQUE INDEX "unique_schema_migrations" ON "schema_migrations" ("version")[0m
  [1m[35mActiveRecord::SchemaMigration Load (0.1ms)[0m  SELECT "schema_migrations".* FROM "schema_migrations"
Migrating to CreateCustomers (20150914201349)
  [1m[36m (0.2ms)[0m  [1mbegin transaction[0m
  [1m[35m (0.4ms)[0m  CREATE TABLE "customers" ("id" INTEGER PRIMARY KEY AUTOINCREMENT NOT NULL, "first_name" varchar, "last_name" varchar, "created_at" datetime NOT NULL, "updated_at" datetime NOT NULL) 
  [1m[36mSQL (0.2ms)[0m  [1mINSERT INTO "schema_migrations" ("version") VALUES (?)[0m  [["version", "20150914201349"]]
  [1m[35m (0.6ms)[0m  commit transaction
Migrating to CreateMerchants (20150914201501)
  [1m[36m (0.1ms)[0m  [1mbegin transaction[0m
  [1m[35m (0.3ms)[0m  CREATE TABLE "merchants" ("id" INTEGER PRIMARY KEY AUTOINCREMENT NOT NULL, "name" varchar, "created_at" datetime NOT NULL, "updated_at" datetime NOT NULL) 
  [1m[36mSQL (0.1ms)[0m  [1mINSERT INTO "schema_migrations" ("version") VALUES (?)[0m  [["version", "20150914201501"]]
  [1m[35m (0.8ms)[0m  commit transaction
Migrating to CreateTransactions (20150914201524)
  [1m[36m (0.1ms)[0m  [1mbegin transaction[0m
  [1m[35m (0.3ms)[0m  CREATE TABLE "transactions" ("id" INTEGER PRIMARY KEY AUTOINCREMENT NOT NULL, "credit_card_number" varchar, "credit_card_expiration_date" varchar, "result" varchar, "created_at" datetime NOT NULL, "updated_at" datetime NOT NULL) 
  [1m[36mSQL (0.1ms)[0m  [1mINSERT INTO "schema_migrations" ("version") VALUES (?)[0m  [["version", "20150914201524"]]
  [1m[35m (0.8ms)[0m  commit transaction
Migrating to CreateItems (20150914201545)
  [1m[36m (0.1ms)[0m  [1mbegin transaction[0m
  [1m[35m (0.3ms)[0m  CREATE TABLE "items" ("id" INTEGER PRIMARY KEY AUTOINCREMENT NOT NULL, "name" varchar, "description" varchar, "unit_price" integer, "created_at" datetime NOT NULL, "updated_at" datetime NOT NULL) 
  [1m[36mSQL (0.1ms)[0m  [1mINSERT INTO "schema_migrations" ("version") VALUES (?)[0m  [["version", "20150914201545"]]
  [1m[35m (0.7ms)[0m  commit transaction
Migrating to AddMerchantRefToItems (20150914201734)
  [1m[36m (0.1ms)[0m  [1mbegin transaction[0m
  [1m[35m (1.5ms)[0m  ALTER TABLE "items" ADD "merchant_id" integer
  [1m[36m (0.1ms)[0m  [1mCREATE  INDEX "index_items_on_merchant_id" ON "items" ("merchant_id")[0m
  [1m[35mSQL (0.1ms)[0m  INSERT INTO "schema_migrations" ("version") VALUES (?)  [["version", "20150914201734"]]
  [1m[36m (0.6ms)[0m  [1mcommit transaction[0m
Migrating to AddInvoiceRefToTransactions (20150914201901)
  [1m[35m (0.1ms)[0m  begin transaction
  [1m[36m (0.3ms)[0m  [1mALTER TABLE "transactions" ADD "invoice_id" integer[0m
  [1m[35m (0.1ms)[0m  CREATE  INDEX "index_transactions_on_invoice_id" ON "transactions" ("invoice_id")
  [1m[36mSQL (0.1ms)[0m  [1mINSERT INTO "schema_migrations" ("version") VALUES (?)[0m  [["version", "20150914201901"]]
  [1m[35m (0.7ms)[0m  commit transaction
Migrating to CreateJoinTableInvoiceItems (20150914202415)
  [1m[36m (0.1ms)[0m  [1mbegin transaction[0m
  [1m[35m (0.4ms)[0m  CREATE TABLE "invoices_items" ("invoice_id" integer NOT NULL, "item_id" integer NOT NULL, "quantity" integer, "unit_price" integer) 
  [1m[36m (0.1ms)[0m  [1mCREATE  INDEX "index_invoices_items_on_invoice_id_and_item_id" ON "invoices_items" ("invoice_id", "item_id")[0m
  [1m[35m (0.6ms)[0m              SELECT sql
            FROM sqlite_master
            WHERE name='index_invoices_items_on_invoice_id_and_item_id' AND type='index'
            UNION ALL
            SELECT sql
            FROM sqlite_temp_master
            WHERE name='index_invoices_items_on_invoice_id_and_item_id' AND type='index'

  [1m[36m (0.1ms)[0m  [1mCREATE  INDEX "index_invoices_items_on_item_id_and_invoice_id" ON "invoices_items" ("item_id", "invoice_id")[0m
  [1m[35mSQL (0.1ms)[0m  INSERT INTO "schema_migrations" ("version") VALUES (?)  [["version", "20150914202415"]]
  [1m[36m (0.7ms)[0m  [1mcommit transaction[0m
Migrating to CreateJoinTableInvoices (20150914202546)
  [1m[35m (0.1ms)[0m  begin transaction
  [1m[36m (0.3ms)[0m  [1mCREATE TABLE "customers_merchants" ("customer_id" integer NOT NULL, "merchant_id" integer NOT NULL, "status" varchar) [0m
  [1m[35m (0.1ms)[0m  CREATE  INDEX "index_customers_merchants_on_customer_id_and_merchant_id" ON "customers_merchants" ("customer_id", "merchant_id")
  [1m[36m (0.1ms)[0m  [1m            SELECT sql
            FROM sqlite_master
            WHERE name='index_customers_merchants_on_customer_id_and_merchant_id' AND type='index'
            UNION ALL
            SELECT sql
            FROM sqlite_temp_master
            WHERE name='index_customers_merchants_on_customer_id_and_merchant_id' AND type='index'
[0m
  [1m[35m (0.1ms)[0m  CREATE  INDEX "index_customers_merchants_on_merchant_id_and_customer_id" ON "customers_merchants" ("merchant_id", "customer_id")
  [1m[36mSQL (0.1ms)[0m  [1mINSERT INTO "schema_migrations" ("version") VALUES (?)[0m  [["version", "20150914202546"]]
  [1m[35m (0.9ms)[0m  commit transaction
  [1m[36mActiveRecord::SchemaMigration Load (0.1ms)[0m  [1mSELECT "schema_migrations".* FROM "schema_migrations"[0m
  [1m[35m (0.2ms)[0m              SELECT sql
            FROM sqlite_master
            WHERE name='index_customers_merchants_on_merchant_id_and_customer_id' AND type='index'
            UNION ALL
            SELECT sql
            FROM sqlite_temp_master
            WHERE name='index_customers_merchants_on_merchant_id_and_customer_id' AND type='index'

  [1m[36m (0.1ms)[0m  [1m            SELECT sql
            FROM sqlite_master
            WHERE name='index_customers_merchants_on_customer_id_and_merchant_id' AND type='index'
            UNION ALL
            SELECT sql
            FROM sqlite_temp_master
            WHERE name='index_customers_merchants_on_customer_id_and_merchant_id' AND type='index'
[0m
  [1m[35m (0.2ms)[0m              SELECT sql
            FROM sqlite_master
            WHERE name='index_invoices_items_on_item_id_and_invoice_id' AND type='index'
            UNION ALL
            SELECT sql
            FROM sqlite_temp_master
            WHERE name='index_invoices_items_on_item_id_and_invoice_id' AND type='index'

  [1m[36m (0.1ms)[0m  [1m            SELECT sql
            FROM sqlite_master
            WHERE name='index_invoices_items_on_invoice_id_and_item_id' AND type='index'
            UNION ALL
            SELECT sql
            FROM sqlite_temp_master
            WHERE name='index_invoices_items_on_invoice_id_and_item_id' AND type='index'
[0m
  [1m[35m (0.2ms)[0m              SELECT sql
            FROM sqlite_master
            WHERE name='index_items_on_merchant_id' AND type='index'
            UNION ALL
            SELECT sql
            FROM sqlite_temp_master
            WHERE name='index_items_on_merchant_id' AND type='index'

  [1m[36m (0.1ms)[0m  [1m            SELECT sql
            FROM sqlite_master
            WHERE name='index_transactions_on_invoice_id' AND type='index'
            UNION ALL
            SELECT sql
            FROM sqlite_temp_master
            WHERE name='index_transactions_on_invoice_id' AND type='index'
[0m
  [1m[36m (1.5ms)[0m  [1mDROP TABLE "customers"[0m
  [1m[35m (0.9ms)[0m  CREATE TABLE "customers" ("id" INTEGER PRIMARY KEY AUTOINCREMENT NOT NULL, "first_name" varchar, "last_name" varchar, "created_at" datetime NOT NULL, "updated_at" datetime NOT NULL) 
  [1m[36m (0.8ms)[0m  [1mDROP TABLE "customers_merchants"[0m
  [1m[35m (0.9ms)[0m  CREATE TABLE "customers_merchants" ("customer_id" integer NOT NULL, "merchant_id" integer NOT NULL, "status" varchar) 
  [1m[36m (0.1ms)[0m  [1mselect sqlite_version(*)[0m
  [1m[35m (1.0ms)[0m  CREATE  INDEX "index_customers_merchants_on_customer_id_and_merchant_id" ON "customers_merchants" ("customer_id", "merchant_id")
  [1m[36m (0.1ms)[0m  [1m            SELECT sql
            FROM sqlite_master
            WHERE name='index_customers_merchants_on_customer_id_and_merchant_id' AND type='index'
            UNION ALL
            SELECT sql
            FROM sqlite_temp_master
            WHERE name='index_customers_merchants_on_customer_id_and_merchant_id' AND type='index'
[0m
  [1m[35m (1.0ms)[0m  CREATE  INDEX "index_customers_merchants_on_merchant_id_and_customer_id" ON "customers_merchants" ("merchant_id", "customer_id")
  [1m[36m (0.9ms)[0m  [1mDROP TABLE "invoices_items"[0m
  [1m[35m (0.9ms)[0m  CREATE TABLE "invoices_items" ("invoice_id" integer NOT NULL, "item_id" integer NOT NULL, "quantity" integer, "unit_price" integer) 
  [1m[36m (0.8ms)[0m  [1mCREATE  INDEX "index_invoices_items_on_invoice_id_and_item_id" ON "invoices_items" ("invoice_id", "item_id")[0m
  [1m[35m (0.1ms)[0m              SELECT sql
            FROM sqlite_master
            WHERE name='index_invoices_items_on_invoice_id_and_item_id' AND type='index'
            UNION ALL
            SELECT sql
            FROM sqlite_temp_master
            WHERE name='index_invoices_items_on_invoice_id_and_item_id' AND type='index'

  [1m[36m (0.8ms)[0m  [1mCREATE  INDEX "index_invoices_items_on_item_id_and_invoice_id" ON "invoices_items" ("item_id", "invoice_id")[0m
  [1m[35m (0.8ms)[0m  DROP TABLE "items"
  [1m[36m (0.8ms)[0m  [1mCREATE TABLE "items" ("id" INTEGER PRIMARY KEY AUTOINCREMENT NOT NULL, "name" varchar, "description" varchar, "unit_price" integer, "created_at" datetime NOT NULL, "updated_at" datetime NOT NULL, "merchant_id" integer) [0m
  [1m[35m (0.9ms)[0m  CREATE  INDEX "index_items_on_merchant_id" ON "items" ("merchant_id")
  [1m[36m (0.9ms)[0m  [1mDROP TABLE "merchants"[0m
  [1m[35m (1.3ms)[0m  CREATE TABLE "merchants" ("id" INTEGER PRIMARY KEY AUTOINCREMENT NOT NULL, "name" varchar, "created_at" datetime NOT NULL, "updated_at" datetime NOT NULL) 
  [1m[36m (0.8ms)[0m  [1mDROP TABLE "transactions"[0m
  [1m[35m (0.9ms)[0m  CREATE TABLE "transactions" ("id" INTEGER PRIMARY KEY AUTOINCREMENT NOT NULL, "credit_card_number" varchar, "credit_card_expiration_date" varchar, "result" varchar, "created_at" datetime NOT NULL, "updated_at" datetime NOT NULL, "invoice_id" integer) 
  [1m[36m (0.9ms)[0m  [1mCREATE  INDEX "index_transactions_on_invoice_id" ON "transactions" ("invoice_id")[0m
  [1m[35m (0.1ms)[0m  SELECT version FROM "schema_migrations"
  [1m[36m (1.1ms)[0m  [1mCREATE TABLE "customers" ("id" INTEGER PRIMARY KEY AUTOINCREMENT NOT NULL, "first_name" varchar, "last_name" varchar, "created_at" datetime NOT NULL, "updated_at" datetime NOT NULL) [0m
  [1m[35m (1.6ms)[0m  CREATE TABLE "customers_merchants" ("customer_id" integer NOT NULL, "merchant_id" integer NOT NULL, "status" varchar) 
  [1m[36m (0.3ms)[0m  [1mselect sqlite_version(*)[0m
  [1m[35m (1.1ms)[0m  CREATE  INDEX "index_customers_merchants_on_customer_id_and_merchant_id" ON "customers_merchants" ("customer_id", "merchant_id")
  [1m[36m (0.1ms)[0m  [1m            SELECT sql
            FROM sqlite_master
            WHERE name='index_customers_merchants_on_customer_id_and_merchant_id' AND type='index'
            UNION ALL
            SELECT sql
            FROM sqlite_temp_master
            WHERE name='index_customers_merchants_on_customer_id_and_merchant_id' AND type='index'
[0m
  [1m[35m (0.7ms)[0m  CREATE  INDEX "index_customers_merchants_on_merchant_id_and_customer_id" ON "customers_merchants" ("merchant_id", "customer_id")
  [1m[36m (0.8ms)[0m  [1mCREATE TABLE "invoices_items" ("invoice_id" integer NOT NULL, "item_id" integer NOT NULL, "quantity" integer, "unit_price" integer) [0m
  [1m[35m (0.8ms)[0m  CREATE  INDEX "index_invoices_items_on_invoice_id_and_item_id" ON "invoices_items" ("invoice_id", "item_id")
  [1m[36m (0.1ms)[0m  [1m            SELECT sql
            FROM sqlite_master
            WHERE name='index_invoices_items_on_invoice_id_and_item_id' AND type='index'
            UNION ALL
            SELECT sql
            FROM sqlite_temp_master
            WHERE name='index_invoices_items_on_invoice_id_and_item_id' AND type='index'
[0m
  [1m[35m (0.7ms)[0m  CREATE  INDEX "index_invoices_items_on_item_id_and_invoice_id" ON "invoices_items" ("item_id", "invoice_id")
  [1m[36m (0.7ms)[0m  [1mCREATE TABLE "items" ("id" INTEGER PRIMARY KEY AUTOINCREMENT NOT NULL, "name" varchar, "description" varchar, "unit_price" integer, "created_at" datetime NOT NULL, "updated_at" datetime NOT NULL, "merchant_id" integer) [0m
  [1m[35m (0.7ms)[0m  CREATE  INDEX "index_items_on_merchant_id" ON "items" ("merchant_id")
  [1m[36m (0.8ms)[0m  [1mCREATE TABLE "merchants" ("id" INTEGER PRIMARY KEY AUTOINCREMENT NOT NULL, "name" varchar, "created_at" datetime NOT NULL, "updated_at" datetime NOT NULL) [0m
  [1m[35m (1.2ms)[0m  CREATE TABLE "transactions" ("id" INTEGER PRIMARY KEY AUTOINCREMENT NOT NULL, "credit_card_number" varchar, "credit_card_expiration_date" varchar, "result" varchar, "created_at" datetime NOT NULL, "updated_at" datetime NOT NULL, "invoice_id" integer) 
  [1m[36m (0.8ms)[0m  [1mCREATE  INDEX "index_transactions_on_invoice_id" ON "transactions" ("invoice_id")[0m
  [1m[35m (0.8ms)[0m  CREATE TABLE "schema_migrations" ("version" varchar NOT NULL) 
  [1m[36m (0.8ms)[0m  [1mCREATE UNIQUE INDEX "unique_schema_migrations" ON "schema_migrations" ("version")[0m
  [1m[35m (0.2ms)[0m  SELECT version FROM "schema_migrations"
  [1m[36m (0.8ms)[0m  [1mINSERT INTO "schema_migrations" (version) VALUES ('20150914202546')[0m
  [1m[35m (0.8ms)[0m  INSERT INTO "schema_migrations" (version) VALUES ('20150914201349')
  [1m[36m (0.7ms)[0m  [1mINSERT INTO "schema_migrations" (version) VALUES ('20150914201501')[0m
  [1m[35m (0.9ms)[0m  INSERT INTO "schema_migrations" (version) VALUES ('20150914201524')
  [1m[36m (0.8ms)[0m  [1mINSERT INTO "schema_migrations" (version) VALUES ('20150914201545')[0m
  [1m[35m (0.7ms)[0m  INSERT INTO "schema_migrations" (version) VALUES ('20150914201734')
  [1m[36m (0.7ms)[0m  [1mINSERT INTO "schema_migrations" (version) VALUES ('20150914201901')[0m
  [1m[35m (0.8ms)[0m  INSERT INTO "schema_migrations" (version) VALUES ('20150914202415')
  [1m[36mActiveRecord::SchemaMigration Load (0.1ms)[0m  [1mSELECT "schema_migrations".* FROM "schema_migrations"[0m
  [1m[36mActiveRecord::SchemaMigration Load (0.1ms)[0m  [1mSELECT "schema_migrations".* FROM "schema_migrations"[0m
  [1m[35mActiveRecord::SchemaMigration Load (0.1ms)[0m  SELECT "schema_migrations".* FROM "schema_migrations"
Migrating to CreateJoinTableInvoices (20150914202546)
  [1m[36m (0.1ms)[0m  [1mbegin transaction[0m
  [1m[35m (0.4ms)[0m  DROP TABLE "customers_merchants"
  [1m[36mSQL (0.2ms)[0m  [1mDELETE FROM "schema_migrations" WHERE "schema_migrations"."version" = ?[0m  [["version", "20150914202546"]]
  [1m[35m (0.7ms)[0m  commit transaction
  [1m[36mActiveRecord::SchemaMigration Load (0.2ms)[0m  [1mSELECT "schema_migrations".* FROM "schema_migrations"[0m
  [1m[35m (0.1ms)[0m              SELECT sql
            FROM sqlite_master
            WHERE name='index_invoices_items_on_item_id_and_invoice_id' AND type='index'
            UNION ALL
            SELECT sql
            FROM sqlite_temp_master
            WHERE name='index_invoices_items_on_item_id_and_invoice_id' AND type='index'

  [1m[36m (0.1ms)[0m  [1m            SELECT sql
            FROM sqlite_master
            WHERE name='index_invoices_items_on_invoice_id_and_item_id' AND type='index'
            UNION ALL
            SELECT sql
            FROM sqlite_temp_master
            WHERE name='index_invoices_items_on_invoice_id_and_item_id' AND type='index'
[0m
  [1m[35m (0.1ms)[0m              SELECT sql
            FROM sqlite_master
            WHERE name='index_items_on_merchant_id' AND type='index'
            UNION ALL
            SELECT sql
            FROM sqlite_temp_master
            WHERE name='index_items_on_merchant_id' AND type='index'

  [1m[36m (0.1ms)[0m  [1m            SELECT sql
            FROM sqlite_master
            WHERE name='index_transactions_on_invoice_id' AND type='index'
            UNION ALL
            SELECT sql
            FROM sqlite_temp_master
            WHERE name='index_transactions_on_invoice_id' AND type='index'
[0m
  [1m[36mActiveRecord::SchemaMigration Load (0.2ms)[0m  [1mSELECT "schema_migrations".* FROM "schema_migrations"[0m
  [1m[35mActiveRecord::SchemaMigration Load (0.1ms)[0m  SELECT "schema_migrations".* FROM "schema_migrations"
Migrating to CreateJoinTableInvoiceItems (20150914202415)
  [1m[36m (0.1ms)[0m  [1mbegin transaction[0m
  [1m[35m (0.5ms)[0m  DROP TABLE "invoices_items"
  [1m[36mSQL (0.2ms)[0m  [1mDELETE FROM "schema_migrations" WHERE "schema_migrations"."version" = ?[0m  [["version", "20150914202415"]]
  [1m[35m (0.7ms)[0m  commit transaction
  [1m[36mActiveRecord::SchemaMigration Load (0.1ms)[0m  [1mSELECT "schema_migrations".* FROM "schema_migrations"[0m
  [1m[35m (0.1ms)[0m              SELECT sql
            FROM sqlite_master
            WHERE name='index_items_on_merchant_id' AND type='index'
            UNION ALL
            SELECT sql
            FROM sqlite_temp_master
            WHERE name='index_items_on_merchant_id' AND type='index'

  [1m[36m (0.1ms)[0m  [1m            SELECT sql
            FROM sqlite_master
            WHERE name='index_transactions_on_invoice_id' AND type='index'
            UNION ALL
            SELECT sql
            FROM sqlite_temp_master
            WHERE name='index_transactions_on_invoice_id' AND type='index'
[0m
  [1m[36mActiveRecord::SchemaMigration Load (0.1ms)[0m  [1mSELECT "schema_migrations".* FROM "schema_migrations"[0m
  [1m[35mActiveRecord::SchemaMigration Load (0.1ms)[0m  SELECT "schema_migrations".* FROM "schema_migrations"
Migrating to AddInvoiceRefToTransactions (20150914201901)
  [1m[36m (0.1ms)[0m  [1mbegin transaction[0m
  [1m[35m (0.5ms)[0m  CREATE TEMPORARY TABLE "atransactions" ("id" INTEGER PRIMARY KEY AUTOINCREMENT NOT NULL, "credit_card_number" varchar, "credit_card_expiration_date" varchar, "result" varchar, "created_at" datetime NOT NULL, "updated_at" datetime NOT NULL, "invoice_id" integer) 
  [1m[36m (0.1ms)[0m  [1m            SELECT sql
            FROM sqlite_master
            WHERE name='index_transactions_on_invoice_id' AND type='index'
            UNION ALL
            SELECT sql
            FROM sqlite_temp_master
            WHERE name='index_transactions_on_invoice_id' AND type='index'
[0m
  [1m[35m (0.0ms)[0m  select sqlite_version(*)
  [1m[36m (0.1ms)[0m  [1mCREATE  INDEX "tindex_atransactions_on_invoice_id" ON "atransactions" ("invoice_id")[0m
  [1m[35m (0.1ms)[0m  SELECT * FROM "transactions"
  [1m[36m (0.3ms)[0m  [1mDROP TABLE "transactions"[0m
  [1m[35m (0.1ms)[0m  CREATE TABLE "transactions" ("id" INTEGER PRIMARY KEY AUTOINCREMENT NOT NULL, "credit_card_number" varchar, "credit_card_expiration_date" varchar, "result" varchar, "created_at" datetime NOT NULL, "updated_at" datetime NOT NULL) 
  [1m[36m (0.0ms)[0m  [1m            SELECT sql
            FROM sqlite_master
            WHERE name='tindex_atransactions_on_invoice_id' AND type='index'
            UNION ALL
            SELECT sql
            FROM sqlite_temp_master
            WHERE name='tindex_atransactions_on_invoice_id' AND type='index'
[0m
  [1m[35m (0.0ms)[0m  SELECT * FROM "atransactions"
  [1m[36m (0.2ms)[0m  [1mDROP TABLE "atransactions"[0m
  [1m[35mSQL (0.2ms)[0m  DELETE FROM "schema_migrations" WHERE "schema_migrations"."version" = ?  [["version", "20150914201901"]]
  [1m[36m (0.9ms)[0m  [1mcommit transaction[0m
  [1m[35mActiveRecord::SchemaMigration Load (0.1ms)[0m  SELECT "schema_migrations".* FROM "schema_migrations"
  [1m[36m (0.1ms)[0m  [1m            SELECT sql
            FROM sqlite_master
            WHERE name='index_items_on_merchant_id' AND type='index'
            UNION ALL
            SELECT sql
            FROM sqlite_temp_master
            WHERE name='index_items_on_merchant_id' AND type='index'
[0m
  [1m[36mActiveRecord::SchemaMigration Load (0.1ms)[0m  [1mSELECT "schema_migrations".* FROM "schema_migrations"[0m
  [1m[35mActiveRecord::SchemaMigration Load (0.1ms)[0m  SELECT "schema_migrations".* FROM "schema_migrations"
Migrating to AddMerchantRefToItems (20150914201734)
  [1m[36m (0.1ms)[0m  [1mbegin transaction[0m
  [1m[35m (1.7ms)[0m  CREATE TEMPORARY TABLE "aitems" ("id" INTEGER PRIMARY KEY AUTOINCREMENT NOT NULL, "name" varchar, "description" varchar, "unit_price" integer, "created_at" datetime NOT NULL, "updated_at" datetime NOT NULL, "merchant_id" integer) 
  [1m[36m (0.2ms)[0m  [1m            SELECT sql
            FROM sqlite_master
            WHERE name='index_items_on_merchant_id' AND type='index'
            UNION ALL
            SELECT sql
            FROM sqlite_temp_master
            WHERE name='index_items_on_merchant_id' AND type='index'
[0m
  [1m[35m (0.1ms)[0m  select sqlite_version(*)
  [1m[36m (0.2ms)[0m  [1mCREATE  INDEX "tindex_aitems_on_merchant_id" ON "aitems" ("merchant_id")[0m
  [1m[35m (0.5ms)[0m  SELECT * FROM "items"
  [1m[36m (0.6ms)[0m  [1mDROP TABLE "items"[0m
  [1m[35m (0.3ms)[0m  CREATE TABLE "items" ("id" INTEGER PRIMARY KEY AUTOINCREMENT NOT NULL, "name" varchar, "description" varchar, "unit_price" integer, "created_at" datetime NOT NULL, "updated_at" datetime NOT NULL) 
  [1m[36m (0.1ms)[0m  [1m            SELECT sql
            FROM sqlite_master
            WHERE name='tindex_aitems_on_merchant_id' AND type='index'
            UNION ALL
            SELECT sql
            FROM sqlite_temp_master
            WHERE name='tindex_aitems_on_merchant_id' AND type='index'
[0m
  [1m[35m (0.1ms)[0m  SELECT * FROM "aitems"
  [1m[36m (0.5ms)[0m  [1mDROP TABLE "aitems"[0m
  [1m[35mSQL (0.4ms)[0m  DELETE FROM "schema_migrations" WHERE "schema_migrations"."version" = ?  [["version", "20150914201734"]]
  [1m[36m (1.0ms)[0m  [1mcommit transaction[0m
  [1m[35mActiveRecord::SchemaMigration Load (0.1ms)[0m  SELECT "schema_migrations".* FROM "schema_migrations"
  [1m[36mActiveRecord::SchemaMigration Load (0.1ms)[0m  [1mSELECT "schema_migrations".* FROM "schema_migrations"[0m
  [1m[35mActiveRecord::SchemaMigration Load (0.1ms)[0m  SELECT "schema_migrations".* FROM "schema_migrations"
Migrating to CreateItems (20150914201545)
  [1m[36m (0.1ms)[0m  [1mbegin transaction[0m
  [1m[35m (0.5ms)[0m  DROP TABLE "items"
  [1m[36mSQL (0.2ms)[0m  [1mDELETE FROM "schema_migrations" WHERE "schema_migrations"."version" = ?[0m  [["version", "20150914201545"]]
  [1m[35m (1.0ms)[0m  commit transaction
  [1m[36mActiveRecord::SchemaMigration Load (0.1ms)[0m  [1mSELECT "schema_migrations".* FROM "schema_migrations"[0m
  [1m[36mActiveRecord::SchemaMigration Load (0.1ms)[0m  [1mSELECT "schema_migrations".* FROM "schema_migrations"[0m
  [1m[35mActiveRecord::SchemaMigration Load (0.1ms)[0m  SELECT "schema_migrations".* FROM "schema_migrations"
Migrating to CreateTransactions (20150914201524)
  [1m[36m (0.1ms)[0m  [1mbegin transaction[0m
  [1m[35m (1.0ms)[0m  DROP TABLE "transactions"
  [1m[36mSQL (0.2ms)[0m  [1mDELETE FROM "schema_migrations" WHERE "schema_migrations"."version" = ?[0m  [["version", "20150914201524"]]
  [1m[35m (0.8ms)[0m  commit transaction
  [1m[36mActiveRecord::SchemaMigration Load (0.1ms)[0m  [1mSELECT "schema_migrations".* FROM "schema_migrations"[0m
  [1m[36mActiveRecord::SchemaMigration Load (0.1ms)[0m  [1mSELECT "schema_migrations".* FROM "schema_migrations"[0m
  [1m[35mActiveRecord::SchemaMigration Load (0.1ms)[0m  SELECT "schema_migrations".* FROM "schema_migrations"
Migrating to CreateMerchants (20150914201501)
  [1m[36m (0.1ms)[0m  [1mbegin transaction[0m
  [1m[35m (0.4ms)[0m  DROP TABLE "merchants"
  [1m[36mSQL (0.2ms)[0m  [1mDELETE FROM "schema_migrations" WHERE "schema_migrations"."version" = ?[0m  [["version", "20150914201501"]]
  [1m[35m (0.6ms)[0m  commit transaction
  [1m[36mActiveRecord::SchemaMigration Load (0.1ms)[0m  [1mSELECT "schema_migrations".* FROM "schema_migrations"[0m
  [1m[36mActiveRecord::SchemaMigration Load (0.1ms)[0m  [1mSELECT "schema_migrations".* FROM "schema_migrations"[0m
  [1m[35mActiveRecord::SchemaMigration Load (0.1ms)[0m  SELECT "schema_migrations".* FROM "schema_migrations"
Migrating to CreateCustomers (20150914201349)
  [1m[36m (0.1ms)[0m  [1mbegin transaction[0m
  [1m[35m (0.5ms)[0m  DROP TABLE "customers"
  [1m[36mSQL (0.2ms)[0m  [1mDELETE FROM "schema_migrations" WHERE "schema_migrations"."version" = ?[0m  [["version", "20150914201349"]]
  [1m[35m (0.8ms)[0m  commit transaction
  [1m[36mActiveRecord::SchemaMigration Load (0.1ms)[0m  [1mSELECT "schema_migrations".* FROM "schema_migrations"[0m
  [1m[36mActiveRecord::SchemaMigration Load (0.1ms)[0m  [1mSELECT "schema_migrations".* FROM "schema_migrations"[0m
  [1m[35mActiveRecord::SchemaMigration Load (0.1ms)[0m  SELECT "schema_migrations".* FROM "schema_migrations"
  [1m[36m (1.1ms)[0m  [1mCREATE TABLE "schema_migrations" ("version" varchar NOT NULL) [0m
  [1m[35m (0.1ms)[0m  select sqlite_version(*)
  [1m[36m (1.0ms)[0m  [1mCREATE UNIQUE INDEX "unique_schema_migrations" ON "schema_migrations" ("version")[0m
  [1m[35mActiveRecord::SchemaMigration Load (0.1ms)[0m  SELECT "schema_migrations".* FROM "schema_migrations"
Migrating to CreateCustomers (20150914201349)
  [1m[36m (0.1ms)[0m  [1mbegin transaction[0m
  [1m[35m (0.4ms)[0m  CREATE TABLE "customers" ("id" INTEGER PRIMARY KEY AUTOINCREMENT NOT NULL, "first_name" varchar, "last_name" varchar, "created_at" datetime NOT NULL, "updated_at" datetime NOT NULL) 
  [1m[36mSQL (0.2ms)[0m  [1mINSERT INTO "schema_migrations" ("version") VALUES (?)[0m  [["version", "20150914201349"]]
  [1m[35m (0.7ms)[0m  commit transaction
Migrating to CreateMerchants (20150914201501)
  [1m[36m (0.1ms)[0m  [1mbegin transaction[0m
  [1m[35m (0.4ms)[0m  CREATE TABLE "merchants" ("id" INTEGER PRIMARY KEY AUTOINCREMENT NOT NULL, "name" varchar, "created_at" datetime NOT NULL, "updated_at" datetime NOT NULL) 
  [1m[36mSQL (0.1ms)[0m  [1mINSERT INTO "schema_migrations" ("version") VALUES (?)[0m  [["version", "20150914201501"]]
  [1m[35m (0.7ms)[0m  commit transaction
Migrating to CreateTransactions (20150914201524)
  [1m[36m (0.1ms)[0m  [1mbegin transaction[0m
  [1m[35m (0.3ms)[0m  CREATE TABLE "transactions" ("id" INTEGER PRIMARY KEY AUTOINCREMENT NOT NULL, "credit_card_number" varchar, "credit_card_expiration_date" varchar, "result" varchar, "created_at" datetime NOT NULL, "updated_at" datetime NOT NULL) 
  [1m[36mSQL (0.1ms)[0m  [1mINSERT INTO "schema_migrations" ("version") VALUES (?)[0m  [["version", "20150914201524"]]
  [1m[35m (0.8ms)[0m  commit transaction
Migrating to CreateItems (20150914201545)
  [1m[36m (0.1ms)[0m  [1mbegin transaction[0m
  [1m[35m (0.3ms)[0m  CREATE TABLE "items" ("id" INTEGER PRIMARY KEY AUTOINCREMENT NOT NULL, "name" varchar, "description" varchar, "unit_price" integer, "created_at" datetime NOT NULL, "updated_at" datetime NOT NULL) 
  [1m[36mSQL (0.1ms)[0m  [1mINSERT INTO "schema_migrations" ("version") VALUES (?)[0m  [["version", "20150914201545"]]
  [1m[35m (0.7ms)[0m  commit transaction
Migrating to AddMerchantRefToItems (20150914201734)
  [1m[36m (0.1ms)[0m  [1mbegin transaction[0m
  [1m[35m (0.3ms)[0m  ALTER TABLE "items" ADD "merchant_id" integer
  [1m[36m (0.1ms)[0m  [1mCREATE  INDEX "index_items_on_merchant_id" ON "items" ("merchant_id")[0m
  [1m[35mSQL (0.1ms)[0m  INSERT INTO "schema_migrations" ("version") VALUES (?)  [["version", "20150914201734"]]
  [1m[36m (0.7ms)[0m  [1mcommit transaction[0m
Migrating to AddInvoiceRefToTransactions (20150914201901)
  [1m[35m (0.1ms)[0m  begin transaction
  [1m[36m (0.4ms)[0m  [1mALTER TABLE "transactions" ADD "invoice_id" integer[0m
  [1m[35m (0.1ms)[0m  CREATE  INDEX "index_transactions_on_invoice_id" ON "transactions" ("invoice_id")
  [1m[36mSQL (0.1ms)[0m  [1mINSERT INTO "schema_migrations" ("version") VALUES (?)[0m  [["version", "20150914201901"]]
  [1m[35m (0.8ms)[0m  commit transaction
Migrating to CreateJoinTableInvoiceItems (20150914202415)
  [1m[36m (0.1ms)[0m  [1mbegin transaction[0m
  [1m[35m (0.3ms)[0m  CREATE TABLE "invoices_items" ("invoice_id" integer NOT NULL, "item_id" integer NOT NULL, "quantity" integer, "unit_price" integer) 
  [1m[36m (0.1ms)[0m  [1mCREATE  INDEX "index_invoices_items_on_invoice_id_and_item_id" ON "invoices_items" ("invoice_id", "item_id")[0m
  [1m[35m (0.1ms)[0m              SELECT sql
            FROM sqlite_master
            WHERE name='index_invoices_items_on_invoice_id_and_item_id' AND type='index'
            UNION ALL
            SELECT sql
            FROM sqlite_temp_master
            WHERE name='index_invoices_items_on_invoice_id_and_item_id' AND type='index'

  [1m[36m (0.1ms)[0m  [1mCREATE  INDEX "index_invoices_items_on_item_id_and_invoice_id" ON "invoices_items" ("item_id", "invoice_id")[0m
  [1m[35mSQL (0.1ms)[0m  INSERT INTO "schema_migrations" ("version") VALUES (?)  [["version", "20150914202415"]]
  [1m[36m (0.8ms)[0m  [1mcommit transaction[0m
Migrating to CreateInvoices (20150914203227)
  [1m[35m (0.1ms)[0m  begin transaction
  [1m[36m (0.4ms)[0m  [1mCREATE TABLE "invoices" ("id" INTEGER PRIMARY KEY AUTOINCREMENT NOT NULL, "status" varchar) [0m
  [1m[35mSQL (0.2ms)[0m  INSERT INTO "schema_migrations" ("version") VALUES (?)  [["version", "20150914203227"]]
  [1m[36m (0.7ms)[0m  [1mcommit transaction[0m
Migrating to AddCustomerRefToInvoices (20150914203353)
  [1m[35m (0.1ms)[0m  begin transaction
  [1m[36m (0.3ms)[0m  [1mALTER TABLE "invoices" ADD "customer_id" integer[0m
  [1m[35m (0.1ms)[0m  CREATE  INDEX "index_invoices_on_customer_id" ON "invoices" ("customer_id")
  [1m[36mSQL (0.1ms)[0m  [1mINSERT INTO "schema_migrations" ("version") VALUES (?)[0m  [["version", "20150914203353"]]
  [1m[35m (0.7ms)[0m  commit transaction
Migrating to AddMerchantRefToInvoices (20150914203411)
  [1m[36m (0.1ms)[0m  [1mbegin transaction[0m
  [1m[35m (0.3ms)[0m  ALTER TABLE "invoices" ADD "merchant_id" integer
  [1m[36m (0.1ms)[0m  [1m            SELECT sql
            FROM sqlite_master
            WHERE name='index_invoices_on_customer_id' AND type='index'
            UNION ALL
            SELECT sql
            FROM sqlite_temp_master
            WHERE name='index_invoices_on_customer_id' AND type='index'
[0m
  [1m[35m (0.1ms)[0m  CREATE  INDEX "index_invoices_on_merchant_id" ON "invoices" ("merchant_id")
  [1m[36mSQL (0.1ms)[0m  [1mINSERT INTO "schema_migrations" ("version") VALUES (?)[0m  [["version", "20150914203411"]]
  [1m[35m (0.7ms)[0m  commit transaction
  [1m[36mActiveRecord::SchemaMigration Load (0.1ms)[0m  [1mSELECT "schema_migrations".* FROM "schema_migrations"[0m
  [1m[35m (0.1ms)[0m              SELECT sql
            FROM sqlite_master
            WHERE name='index_invoices_on_merchant_id' AND type='index'
            UNION ALL
            SELECT sql
            FROM sqlite_temp_master
            WHERE name='index_invoices_on_merchant_id' AND type='index'

  [1m[36m (0.1ms)[0m  [1m            SELECT sql
            FROM sqlite_master
            WHERE name='index_invoices_on_customer_id' AND type='index'
            UNION ALL
            SELECT sql
            FROM sqlite_temp_master
            WHERE name='index_invoices_on_customer_id' AND type='index'
[0m
  [1m[35m (0.1ms)[0m              SELECT sql
            FROM sqlite_master
            WHERE name='index_invoices_items_on_item_id_and_invoice_id' AND type='index'
            UNION ALL
            SELECT sql
            FROM sqlite_temp_master
            WHERE name='index_invoices_items_on_item_id_and_invoice_id' AND type='index'

  [1m[36m (0.1ms)[0m  [1m            SELECT sql
            FROM sqlite_master
            WHERE name='index_invoices_items_on_invoice_id_and_item_id' AND type='index'
            UNION ALL
            SELECT sql
            FROM sqlite_temp_master
            WHERE name='index_invoices_items_on_invoice_id_and_item_id' AND type='index'
[0m
  [1m[35m (0.1ms)[0m              SELECT sql
            FROM sqlite_master
            WHERE name='index_items_on_merchant_id' AND type='index'
            UNION ALL
            SELECT sql
            FROM sqlite_temp_master
            WHERE name='index_items_on_merchant_id' AND type='index'

  [1m[36m (0.2ms)[0m  [1m            SELECT sql
            FROM sqlite_master
            WHERE name='index_transactions_on_invoice_id' AND type='index'
            UNION ALL
            SELECT sql
            FROM sqlite_temp_master
            WHERE name='index_transactions_on_invoice_id' AND type='index'
[0m
  [1m[36mActiveRecord::SchemaMigration Load (0.5ms)[0m  [1mSELECT "schema_migrations".* FROM "schema_migrations"[0m
Migrating to RemoveCreditCardExpirationDateFromTransactions (20150915062608)
  [1m[35m (0.1ms)[0m  begin transaction
  [1m[36m (2.6ms)[0m  [1mCREATE TEMPORARY TABLE "atransactions" ("id" INTEGER PRIMARY KEY AUTOINCREMENT NOT NULL, "credit_card_number" varchar, "credit_card_expiration_date" varchar, "result" varchar, "created_at" datetime NOT NULL, "updated_at" datetime NOT NULL, "invoice_id" integer) [0m
  [1m[35m (0.1ms)[0m              SELECT sql
            FROM sqlite_master
            WHERE name='index_transactions_on_invoice_id' AND type='index'
            UNION ALL
            SELECT sql
            FROM sqlite_temp_master
            WHERE name='index_transactions_on_invoice_id' AND type='index'

  [1m[36m (0.7ms)[0m  [1mselect sqlite_version(*)[0m
  [1m[35m (0.2ms)[0m  CREATE  INDEX "tindex_atransactions_on_invoice_id" ON "atransactions" ("invoice_id")
  [1m[36m (0.3ms)[0m  [1mSELECT * FROM "transactions"[0m
  [1m[35m (1.0ms)[0m  DROP TABLE "transactions"
  [1m[36m (0.1ms)[0m  [1mCREATE TABLE "transactions" ("id" INTEGER PRIMARY KEY AUTOINCREMENT NOT NULL, "credit_card_number" varchar, "result" varchar, "created_at" datetime NOT NULL, "updated_at" datetime NOT NULL, "invoice_id" integer) [0m
  [1m[35m (0.1ms)[0m              SELECT sql
            FROM sqlite_master
            WHERE name='tindex_atransactions_on_invoice_id' AND type='index'
            UNION ALL
            SELECT sql
            FROM sqlite_temp_master
            WHERE name='tindex_atransactions_on_invoice_id' AND type='index'

  [1m[36m (0.1ms)[0m  [1mCREATE  INDEX "index_transactions_on_invoice_id" ON "transactions" ("invoice_id")[0m
  [1m[35m (0.0ms)[0m  SELECT * FROM "atransactions"
  [1m[36m (0.3ms)[0m  [1mDROP TABLE "atransactions"[0m
  [1m[35mSQL (0.2ms)[0m  INSERT INTO "schema_migrations" ("version") VALUES (?)  [["version", "20150915062608"]]
  [1m[36m (1.0ms)[0m  [1mcommit transaction[0m
  [1m[35mActiveRecord::SchemaMigration Load (0.1ms)[0m  SELECT "schema_migrations".* FROM "schema_migrations"
  [1m[36m (0.1ms)[0m  [1m            SELECT sql
            FROM sqlite_master
            WHERE name='index_invoices_on_merchant_id' AND type='index'
            UNION ALL
            SELECT sql
            FROM sqlite_temp_master
            WHERE name='index_invoices_on_merchant_id' AND type='index'
[0m
  [1m[35m (0.1ms)[0m              SELECT sql
            FROM sqlite_master
            WHERE name='index_invoices_on_customer_id' AND type='index'
            UNION ALL
            SELECT sql
            FROM sqlite_temp_master
            WHERE name='index_invoices_on_customer_id' AND type='index'

  [1m[36m (0.1ms)[0m  [1m            SELECT sql
            FROM sqlite_master
            WHERE name='index_invoices_items_on_item_id_and_invoice_id' AND type='index'
            UNION ALL
            SELECT sql
            FROM sqlite_temp_master
            WHERE name='index_invoices_items_on_item_id_and_invoice_id' AND type='index'
[0m
  [1m[35m (0.1ms)[0m              SELECT sql
            FROM sqlite_master
            WHERE name='index_invoices_items_on_invoice_id_and_item_id' AND type='index'
            UNION ALL
            SELECT sql
            FROM sqlite_temp_master
            WHERE name='index_invoices_items_on_invoice_id_and_item_id' AND type='index'

  [1m[36m (0.1ms)[0m  [1m            SELECT sql
            FROM sqlite_master
            WHERE name='index_items_on_merchant_id' AND type='index'
            UNION ALL
            SELECT sql
            FROM sqlite_temp_master
            WHERE name='index_items_on_merchant_id' AND type='index'
[0m
  [1m[35m (0.2ms)[0m              SELECT sql
            FROM sqlite_master
            WHERE name='index_transactions_on_invoice_id' AND type='index'
            UNION ALL
            SELECT sql
            FROM sqlite_temp_master
            WHERE name='index_transactions_on_invoice_id' AND type='index'

